\BOOKMARK [0][-]{section*.2}{\376\377\144\130\000\040\211\201}{}% 1
\BOOKMARK [0][-]{section*.4}{Abstract}{}% 2
\BOOKMARK [0][-]{section*.5}{\376\377\166\356\000\040\137\125}{}% 3
\BOOKMARK [0][-]{section*.7}{\376\377\126\376\137\142\122\027\210\150}{}% 4
\BOOKMARK [0][-]{section*.9}{\376\377\210\150\150\074\122\027\210\150}{}% 5
\BOOKMARK [0][-]{section*.12}{\376\377\173\046\123\367\122\027\210\150}{}% 6
\BOOKMARK [0][-]{chapter.1}{\376\377\173\054\0001\172\340\000\040\000\040\176\352\213\272}{}% 7
\BOOKMARK [1][-]{section.1.1}{\376\377\0001\000.\0001\000\040\170\024\172\166\200\314\146\157}{chapter.1}% 8
\BOOKMARK [1][-]{section.1.2}{\376\377\0001\000.\0002\000\040\170\024\172\166\166\356\150\007\124\214\116\073\211\201\135\345\117\134}{chapter.1}% 9
\BOOKMARK [2][-]{subsection.1.2.1}{\376\377\0001\000.\0002\000.\0001\000\040\227\142\124\021\167\351\226\065\116\130\154\325\166\204\116\343\170\001\201\352\122\250\165\037\142\020\135\345\121\167}{section.1.2}% 10
\BOOKMARK [2][-]{subsection.1.2.2}{\376\377\0001\000.\0002\000.\0002\000\040\201\352\220\002\136\224\140\047\200\375\214\003\117\030}{section.1.2}% 11
\BOOKMARK [2][-]{subsection.1.2.3}{\376\377\0001\000.\0002\000.\0003\000\040\127\372\116\216\000D\000S\000L\166\204\167\351\226\065\116\130\154\325\173\227\133\120\207\215\124\010\142\323\134\125}{section.1.2}% 12
\BOOKMARK [1][-]{section.1.3}{\376\377\0001\000.\0003\000\040\213\272\145\207\176\304\176\307\176\323\147\204}{chapter.1}% 13
\BOOKMARK [0][-]{chapter.2}{\376\377\173\054\0002\172\340\000\040\000\040\225\356\230\230\200\314\146\157\116\016\126\375\121\205\131\026\170\024\172\166\217\333\134\125}{}% 14
\BOOKMARK [1][-]{section.2.1}{\376\377\0002\000.\0001\000\040\200\314\146\157\167\345\213\306\151\202\217\360}{chapter.2}% 15
\BOOKMARK [2][-]{subsection.2.1.1}{\376\377\0002\000.\0001\000.\0001\000\040\167\351\226\065\116\130\154\325\213\241\173\227\123\312\121\166\117\030\123\026\123\237\164\006}{section.2.1}% 16
\BOOKMARK [2][-]{subsection.2.1.2}{\376\377\0002\000.\0001\000.\0002\000\040\165\063\132\001\000S\000W\0002\0006\0000\0001\0000\000P\117\027\150\070\131\004\164\006\126\150}{section.2.1}% 17
\BOOKMARK [2][-]{subsection.2.1.3}{\376\377\0002\000.\0001\000.\0003\000\040\000R\000o\000o\000f\000l\000i\000n\000e\000\040\152\041\127\213}{section.2.1}% 18
\BOOKMARK [1][-]{section.2.2}{\376\377\0002\000.\0002\000\040\126\375\121\205\131\026\170\024\172\166\163\260\162\266}{chapter.2}% 19
\BOOKMARK [1][-]{section.2.3}{\376\377\0002\000.\0003\000\040\134\017\176\323}{chapter.2}% 20
\BOOKMARK [0][-]{chapter.3}{\376\377\173\054\0003\172\340\000\040\000\040\227\142\124\021\167\351\226\065\116\130\154\325\166\204\116\343\170\001\201\352\122\250\165\037\142\020\135\345\121\167}{}% 21
\BOOKMARK [1][-]{section.3.1}{\376\377\0003\000.\0001\000\040\224\210\133\371\167\351\226\065\213\241\173\227\225\356\230\230\166\204\136\372\152\041}{chapter.3}% 22
\BOOKMARK [1][-]{section.3.2}{\376\377\0003\000.\0002\000\040\230\206\127\337\162\171\133\232\213\355\212\000\000\050\000D\000o\000m\000a\000i\000n\000\040\000S\000p\000e\000c\000i\000f\000i\000c\000\040\000L\000a\000n\000g\000u\000a\000g\000e\000\051}{chapter.3}% 23
\BOOKMARK [1][-]{section.3.3}{\376\377\0003\000.\0003\000\040\227\142\124\021\167\351\226\065\116\130\154\325\000I\000R\213\276\213\241}{chapter.3}% 24
\BOOKMARK [2][-]{subsection.3.3.1}{3.3.1\040DMA}{section.3.3}% 25
\BOOKMARK [2][-]{subsection.3.3.2}{3.3.2\040RMA}{section.3.3}% 26
\BOOKMARK [2][-]{subsection.3.3.3}{3.3.3\040MMA}{section.3.3}% 27
\BOOKMARK [2][-]{subsection.3.3.4}{\376\377\0003\000.\0003\000.\0004\000\040\121\166\116\326\000I\000R}{section.3.3}% 28
\BOOKMARK [1][-]{section.3.4}{\376\377\0003\000.\0004\000\040\224\210\133\371\117\123\174\373\176\323\147\204\162\171\160\271\166\204\116\373\122\241\122\022\122\006}{chapter.3}% 29
\BOOKMARK [1][-]{section.3.5}{\376\377\0003\000.\0005\000\040\165\050\116\216\117\030\123\026\166\204\124\004\171\315\000A\000S\000T\123\330\143\142}{chapter.3}% 30
\BOOKMARK [2][-]{subsection.3.5.1}{\376\377\0003\000.\0005\000.\0001\000\040\137\252\163\257\134\125\137\000\123\330\143\142}{section.3.5}% 31
\BOOKMARK [2][-]{subsection.3.5.2}{\376\377\0003\000.\0005\000.\0002\000\040\137\252\163\257\155\210\226\144\123\330\143\142}{section.3.5}% 32
\BOOKMARK [2][-]{subsection.3.5.3}{\376\377\0003\000.\0005\000.\0003\000\040\137\252\163\257\116\015\123\330\137\017\131\026\143\320\123\330\143\142}{section.3.5}% 33
\BOOKMARK [2][-]{subsection.3.5.4}{\376\377\0003\000.\0005\000.\0004\000\040\217\157\116\366\155\101\154\064\176\277\123\330\143\142}{section.3.5}% 34
\BOOKMARK [0][-]{chapter.4}{\376\377\173\054\0004\172\340\000\040\000\040\201\352\220\002\136\224\214\003\117\030\150\106\147\266}{}% 35
\BOOKMARK [1][-]{section.4.1}{\376\377\0004\000.\0001\000\040\121\110\213\325\213\325\145\110\147\234}{chapter.4}% 36
\BOOKMARK [0][-]{chapter.5}{\376\377\173\054\0005\172\340\000\040\000\040\173\227\133\120\207\215\124\010}{}% 37
\BOOKMARK [1][-]{section.5.1}{\376\377\0005\000.\0001\000\040\121\110\213\325\213\325\145\110\147\234}{chapter.5}% 38
\BOOKMARK [0][-]{chapter.6}{\376\377\173\054\0006\172\340\000\040\000\040\133\236\232\214\122\006\147\220}{}% 39
\BOOKMARK [0][-]{chapter.7}{\376\377\173\054\0007\172\340\000\040\000\040\140\073\176\323\116\016\134\125\147\033}{}% 40
\BOOKMARK [0][-]{appendix.A}{\376\377\226\104\137\125\000\040\000A\000\040\000\040\116\055\126\375\171\321\133\146\226\142\131\047\133\146\133\146\117\115\213\272\145\207\144\260\121\231\211\201\154\102}{}% 41
\BOOKMARK [1][-]{section.A.1}{\376\377\000A\000.\0001\000\040\213\272\145\207\145\340\226\104\137\125\200\005\145\340\227\000\226\104\137\125\220\350\122\006}{appendix.A}% 42
\BOOKMARK [1][-]{section.A.2}{\376\377\000A\000.\0002\000\040\155\113\213\325\121\154\137\017\177\026\123\367\000\040\003\233\000,\003\273\000,\003\270\000,\003\233\000,\000S\000N\000N}{appendix.A}% 43
\BOOKMARK [1][-]{section.A.3}{\376\377\000A\000.\0003\000\040\155\113\213\325\165\037\120\373\133\127}{appendix.A}% 44
\BOOKMARK [0][-]{section*.17}{\376\377\123\302\200\003\145\207\163\056}{}% 45
\BOOKMARK [0][-]{appendix*.19}{\376\377\201\364\214\042}{}% 46
\BOOKMARK [0][-]{appendix*.20}{\376\377\117\134\200\005\173\200\123\206\123\312\145\073\213\373\133\146\117\115\147\037\225\364\123\321\210\150\166\204\133\146\147\057\213\272\145\207\116\016\170\024\172\166\142\020\147\234}{}% 47
